<?xml version="1.0" encoding="UTF-8"?>
<!-- Generated by org.testng.reporters.JUnitXMLReporter -->
<testsuite ignored="0" hostname="DESKTOP-858RMVH" failures="1" tests="11" name="OpencartTest" time="110.139" errors="0" timestamp="2023-02-15T20:44:44 IST">
  <testcase classname="testCases.TC_001_AccountRegistrationTest" name="test_account_Registration" time="8.124"/>
  <testcase classname="testCases.TC_002_LoginTest" name="test_login" time="1.21"/>
  <testcase classname="testCases.TC_003_LoginDDT" name="test_loginDDT" time="1.522"/>
  <testcase classname="testCases.TC_003_LoginDDT" name="test_loginDDT" time="10.629"/>
  <testcase classname="testCases.TC_003_LoginDDT" name="test_loginDDT" time="10.597"/>
  <testcase classname="testCases.TC_003_LoginDDT" name="test_loginDDT" time="10.575"/>
  <testcase classname="testCases.TC_003_LoginDDT" name="test_loginDDT" time="10.6">
    <failure type="java.lang.AssertionError" message="expected [true] but found [false]">
      <![CDATA[java.lang.AssertionError: expected [true] but found [false]
at testCases.TC_003_LoginDDT.test_loginDDT(TC_003_LoginDDT.java:45)
at java.base/java.util.ArrayList.forEach(ArrayList.java:1511)
... Removed 31 stack frames]]>
    </failure>
  </testcase> <!-- test_loginDDT -->
  <testcase classname="testCases.TC_004_SearchProductTest" name="test_pruductSearch" time="0.734"/>
  <testcase classname="testCases.TC_005_AddToCartTest" name="addToCartTest" time="5.229"/>
  <testcase classname="testCases.TC_006_CheckoutTest" name="CheckoutTest" time="12.988"/>
  <testcase classname="testCases.TC_007_EndToEndTest" name="endToendTest" time="22.521"/>
</testsuite> <!-- OpencartTest -->
